The system is: Linux - 3.5.7-gentoo - x86_64
Compiling the C compiler identification source file "CMakeCCompilerId.c" succeeded.
Compiler: /usr/bin/gcc 
Build flags: 
Id flags: 

The output was:
0


Compilation of the C compiler identification source "CMakeCCompilerId.c" produced "a.out"

The C compiler identification is GNU, found in "/home/phobos/doom3/neo/build/CMakeFiles/CompilerIdC/a.out"

Compiling the CXX compiler identification source file "CMakeCXXCompilerId.cpp" succeeded.
Compiler: /usr/bin/c++ 
Build flags: 
Id flags: 

The output was:
0


Compilation of the CXX compiler identification source "CMakeCXXCompilerId.cpp" produced "a.out"

The CXX compiler identification is GNU, found in "/home/phobos/doom3/neo/build/CMakeFiles/CompilerIdCXX/a.out"

Determining if the C compiler works passed with the following output:
Change Dir: /home/phobos/doom3/neo/build/CMakeFiles/CMakeTmp

Run Build Command:/usr/bin/gmake "cmTryCompileExec2422642914/fast"
/usr/bin/gmake -f CMakeFiles/cmTryCompileExec2422642914.dir/build.make CMakeFiles/cmTryCompileExec2422642914.dir/build
gmake[1]: Entering directory `/home/phobos/doom3/neo/build/CMakeFiles/CMakeTmp'
/usr/bin/cmake -E cmake_progress_report /home/phobos/doom3/neo/build/CMakeFiles/CMakeTmp/CMakeFiles 1
Building C object CMakeFiles/cmTryCompileExec2422642914.dir/testCCompiler.c.o
/usr/bin/gcc    -o CMakeFiles/cmTryCompileExec2422642914.dir/testCCompiler.c.o   -c /home/phobos/doom3/neo/build/CMakeFiles/CMakeTmp/testCCompiler.c
Linking C executable cmTryCompileExec2422642914
/usr/bin/cmake -E cmake_link_script CMakeFiles/cmTryCompileExec2422642914.dir/link.txt --verbose=1
/usr/bin/gcc         CMakeFiles/cmTryCompileExec2422642914.dir/testCCompiler.c.o  -o cmTryCompileExec2422642914 -rdynamic 
gmake[1]: Leaving directory `/home/phobos/doom3/neo/build/CMakeFiles/CMakeTmp'


Detecting C compiler ABI info compiled with the following output:
Change Dir: /home/phobos/doom3/neo/build/CMakeFiles/CMakeTmp

Run Build Command:/usr/bin/gmake "cmTryCompileExec1960191399/fast"
/usr/bin/gmake -f CMakeFiles/cmTryCompileExec1960191399.dir/build.make CMakeFiles/cmTryCompileExec1960191399.dir/build
gmake[1]: Entering directory `/home/phobos/doom3/neo/build/CMakeFiles/CMakeTmp'
/usr/bin/cmake -E cmake_progress_report /home/phobos/doom3/neo/build/CMakeFiles/CMakeTmp/CMakeFiles 1
Building C object CMakeFiles/cmTryCompileExec1960191399.dir/CMakeCCompilerABI.c.o
/usr/bin/gcc    -o CMakeFiles/cmTryCompileExec1960191399.dir/CMakeCCompilerABI.c.o   -c /usr/share/cmake/Modules/CMakeCCompilerABI.c
Linking C executable cmTryCompileExec1960191399
/usr/bin/cmake -E cmake_link_script CMakeFiles/cmTryCompileExec1960191399.dir/link.txt --verbose=1
/usr/bin/gcc       -v CMakeFiles/cmTryCompileExec1960191399.dir/CMakeCCompilerABI.c.o  -o cmTryCompileExec1960191399 -rdynamic  
Using built-in specs.
COLLECT_GCC=/usr/x86_64-pc-linux-gnu/gcc-bin/4.6.3/gcc
COLLECT_LTO_WRAPPER=/usr/libexec/gcc/x86_64-pc-linux-gnu/4.6.3/lto-wrapper
Target: x86_64-pc-linux-gnu
Configured with: /var/tmp/portage/sys-devel/gcc-4.6.3/work/gcc-4.6.3/configure --prefix=/usr --bindir=/usr/x86_64-pc-linux-gnu/gcc-bin/4.6.3 --includedir=/usr/lib/gcc/x86_64-pc-linux-gnu/4.6.3/include --datadir=/usr/share/gcc-data/x86_64-pc-linux-gnu/4.6.3 --mandir=/usr/share/gcc-data/x86_64-pc-linux-gnu/4.6.3/man --infodir=/usr/share/gcc-data/x86_64-pc-linux-gnu/4.6.3/info --with-gxx-include-dir=/usr/lib/gcc/x86_64-pc-linux-gnu/4.6.3/include/g++-v4 --host=x86_64-pc-linux-gnu --build=x86_64-pc-linux-gnu --disable-altivec --disable-fixed-point --without-ppl --without-cloog --enable-lto --disable-nls --with-system-zlib --enable-obsolete --disable-werror --enable-secureplt --enable-multilib --enable-libmudflap --disable-libssp --enable-libgomp --with-python-dir=/share/gcc-data/x86_64-pc-linux-gnu/4.6.3/python --enable-checking=release --disable-libgcj --disable-libquadmath --enable-languages=c,c++ --enable-shared --enable-threads=posix --enable-__cxa_atexit --enable-clocale=gnu --enable-targets=all --with-bugurl=http://bugs.gentoo.org/ --with-pkgversion='Gentoo 4.6.3 p1.6, pie-0.5.2'
Thread model: posix
gcc version 4.6.3 (Gentoo 4.6.3 p1.6, pie-0.5.2) 
COMPILER_PATH=/usr/libexec/gcc/x86_64-pc-linux-gnu/4.6.3/:/usr/libexec/gcc/x86_64-pc-linux-gnu/4.6.3/:/usr/libexec/gcc/x86_64-pc-linux-gnu/:/usr/lib/gcc/x86_64-pc-linux-gnu/4.6.3/:/usr/lib/gcc/x86_64-pc-linux-gnu/:/usr/lib/gcc/x86_64-pc-linux-gnu/4.6.3/../../../../x86_64-pc-linux-gnu/bin/
LIBRARY_PATH=/usr/lib/gcc/x86_64-pc-linux-gnu/4.6.3/:/usr/lib/gcc/x86_64-pc-linux-gnu/4.6.3/../../../../lib64/:/lib/../lib64/:/usr/lib/../lib64/:/usr/lib/gcc/x86_64-pc-linux-gnu/4.6.3/../../../../x86_64-pc-linux-gnu/lib/:/usr/lib/gcc/x86_64-pc-linux-gnu/4.6.3/../../../:/lib/:/usr/lib/
COLLECT_GCC_OPTIONS='-v' '-o' 'cmTryCompileExec1960191399' '-rdynamic' '-mtune=generic' '-march=x86-64'
 /usr/libexec/gcc/x86_64-pc-linux-gnu/4.6.3/collect2 --eh-frame-hdr -m elf_x86_64 -export-dynamic -dynamic-linker /lib64/ld-linux-x86-64.so.2 -o cmTryCompileExec1960191399 /usr/lib/gcc/x86_64-pc-linux-gnu/4.6.3/../../../../lib64/crt1.o /usr/lib/gcc/x86_64-pc-linux-gnu/4.6.3/../../../../lib64/crti.o /usr/lib/gcc/x86_64-pc-linux-gnu/4.6.3/crtbegin.o -L/usr/lib/gcc/x86_64-pc-linux-gnu/4.6.3 -L/usr/lib/gcc/x86_64-pc-linux-gnu/4.6.3/../../../../lib64 -L/lib/../lib64 -L/usr/lib/../lib64 -L/usr/lib/gcc/x86_64-pc-linux-gnu/4.6.3/../../../../x86_64-pc-linux-gnu/lib -L/usr/lib/gcc/x86_64-pc-linux-gnu/4.6.3/../../.. CMakeFiles/cmTryCompileExec1960191399.dir/CMakeCCompilerABI.c.o -lgcc --as-needed -lgcc_s --no-as-needed -lc -lgcc --as-needed -lgcc_s --no-as-needed /usr/lib/gcc/x86_64-pc-linux-gnu/4.6.3/crtend.o /usr/lib/gcc/x86_64-pc-linux-gnu/4.6.3/../../../../lib64/crtn.o
gmake[1]: Leaving directory `/home/phobos/doom3/neo/build/CMakeFiles/CMakeTmp'


Parsed C implicit link information from above output:
  link line regex: [^( *|.*[/\])(ld|ld|collect2)[^/\]*( |$)]
  ignore line: [Change Dir: /home/phobos/doom3/neo/build/CMakeFiles/CMakeTmp]
  ignore line: []
  ignore line: [Run Build Command:/usr/bin/gmake "cmTryCompileExec1960191399/fast"]
  ignore line: [/usr/bin/gmake -f CMakeFiles/cmTryCompileExec1960191399.dir/build.make CMakeFiles/cmTryCompileExec1960191399.dir/build]
  ignore line: [gmake[1]: Entering directory `/home/phobos/doom3/neo/build/CMakeFiles/CMakeTmp']
  ignore line: [/usr/bin/cmake -E cmake_progress_report /home/phobos/doom3/neo/build/CMakeFiles/CMakeTmp/CMakeFiles 1]
  ignore line: [Building C object CMakeFiles/cmTryCompileExec1960191399.dir/CMakeCCompilerABI.c.o]
  ignore line: [/usr/bin/gcc    -o CMakeFiles/cmTryCompileExec1960191399.dir/CMakeCCompilerABI.c.o   -c /usr/share/cmake/Modules/CMakeCCompilerABI.c]
  ignore line: [Linking C executable cmTryCompileExec1960191399]
  ignore line: [/usr/bin/cmake -E cmake_link_script CMakeFiles/cmTryCompileExec1960191399.dir/link.txt --verbose=1]
  ignore line: [/usr/bin/gcc       -v CMakeFiles/cmTryCompileExec1960191399.dir/CMakeCCompilerABI.c.o  -o cmTryCompileExec1960191399 -rdynamic  ]
  ignore line: [Using built-in specs.]
  ignore line: [COLLECT_GCC=/usr/x86_64-pc-linux-gnu/gcc-bin/4.6.3/gcc]
  ignore line: [COLLECT_LTO_WRAPPER=/usr/libexec/gcc/x86_64-pc-linux-gnu/4.6.3/lto-wrapper]
  ignore line: [Target: x86_64-pc-linux-gnu]
  ignore line: [Configured with: /var/tmp/portage/sys-devel/gcc-4.6.3/work/gcc-4.6.3/configure --prefix=/usr --bindir=/usr/x86_64-pc-linux-gnu/gcc-bin/4.6.3 --includedir=/usr/lib/gcc/x86_64-pc-linux-gnu/4.6.3/include --datadir=/usr/share/gcc-data/x86_64-pc-linux-gnu/4.6.3 --mandir=/usr/share/gcc-data/x86_64-pc-linux-gnu/4.6.3/man --infodir=/usr/share/gcc-data/x86_64-pc-linux-gnu/4.6.3/info --with-gxx-include-dir=/usr/lib/gcc/x86_64-pc-linux-gnu/4.6.3/include/g++-v4 --host=x86_64-pc-linux-gnu --build=x86_64-pc-linux-gnu --disable-altivec --disable-fixed-point --without-ppl --without-cloog --enable-lto --disable-nls --with-system-zlib --enable-obsolete --disable-werror --enable-secureplt --enable-multilib --enable-libmudflap --disable-libssp --enable-libgomp --with-python-dir=/share/gcc-data/x86_64-pc-linux-gnu/4.6.3/python --enable-checking=release --disable-libgcj --disable-libquadmath --enable-languages=c,c++ --enable-shared --enable-threads=posix --enable-__cxa_atexit --enable-clocale=gnu --enable-targets=all --with-bugurl=http://bugs.gentoo.org/ --with-pkgversion='Gentoo 4.6.3 p1.6, pie-0.5.2']
  ignore line: [Thread model: posix]
  ignore line: [gcc version 4.6.3 (Gentoo 4.6.3 p1.6, pie-0.5.2) ]
  ignore line: [COMPILER_PATH=/usr/libexec/gcc/x86_64-pc-linux-gnu/4.6.3/:/usr/libexec/gcc/x86_64-pc-linux-gnu/4.6.3/:/usr/libexec/gcc/x86_64-pc-linux-gnu/:/usr/lib/gcc/x86_64-pc-linux-gnu/4.6.3/:/usr/lib/gcc/x86_64-pc-linux-gnu/:/usr/lib/gcc/x86_64-pc-linux-gnu/4.6.3/../../../../x86_64-pc-linux-gnu/bin/]
  ignore line: [LIBRARY_PATH=/usr/lib/gcc/x86_64-pc-linux-gnu/4.6.3/:/usr/lib/gcc/x86_64-pc-linux-gnu/4.6.3/../../../../lib64/:/lib/../lib64/:/usr/lib/../lib64/:/usr/lib/gcc/x86_64-pc-linux-gnu/4.6.3/../../../../x86_64-pc-linux-gnu/lib/:/usr/lib/gcc/x86_64-pc-linux-gnu/4.6.3/../../../:/lib/:/usr/lib/]
  ignore line: [COLLECT_GCC_OPTIONS='-v' '-o' 'cmTryCompileExec1960191399' '-rdynamic' '-mtune=generic' '-march=x86-64']
  link line: [ /usr/libexec/gcc/x86_64-pc-linux-gnu/4.6.3/collect2 --eh-frame-hdr -m elf_x86_64 -export-dynamic -dynamic-linker /lib64/ld-linux-x86-64.so.2 -o cmTryCompileExec1960191399 /usr/lib/gcc/x86_64-pc-linux-gnu/4.6.3/../../../../lib64/crt1.o /usr/lib/gcc/x86_64-pc-linux-gnu/4.6.3/../../../../lib64/crti.o /usr/lib/gcc/x86_64-pc-linux-gnu/4.6.3/crtbegin.o -L/usr/lib/gcc/x86_64-pc-linux-gnu/4.6.3 -L/usr/lib/gcc/x86_64-pc-linux-gnu/4.6.3/../../../../lib64 -L/lib/../lib64 -L/usr/lib/../lib64 -L/usr/lib/gcc/x86_64-pc-linux-gnu/4.6.3/../../../../x86_64-pc-linux-gnu/lib -L/usr/lib/gcc/x86_64-pc-linux-gnu/4.6.3/../../.. CMakeFiles/cmTryCompileExec1960191399.dir/CMakeCCompilerABI.c.o -lgcc --as-needed -lgcc_s --no-as-needed -lc -lgcc --as-needed -lgcc_s --no-as-needed /usr/lib/gcc/x86_64-pc-linux-gnu/4.6.3/crtend.o /usr/lib/gcc/x86_64-pc-linux-gnu/4.6.3/../../../../lib64/crtn.o]
    arg [/usr/libexec/gcc/x86_64-pc-linux-gnu/4.6.3/collect2] ==> ignore
    arg [--eh-frame-hdr] ==> ignore
    arg [-m] ==> ignore
    arg [elf_x86_64] ==> ignore
    arg [-export-dynamic] ==> ignore
    arg [-dynamic-linker] ==> ignore
    arg [/lib64/ld-linux-x86-64.so.2] ==> ignore
    arg [-o] ==> ignore
    arg [cmTryCompileExec1960191399] ==> ignore
    arg [/usr/lib/gcc/x86_64-pc-linux-gnu/4.6.3/../../../../lib64/crt1.o] ==> ignore
    arg [/usr/lib/gcc/x86_64-pc-linux-gnu/4.6.3/../../../../lib64/crti.o] ==> ignore
    arg [/usr/lib/gcc/x86_64-pc-linux-gnu/4.6.3/crtbegin.o] ==> ignore
    arg [-L/usr/lib/gcc/x86_64-pc-linux-gnu/4.6.3] ==> dir [/usr/lib/gcc/x86_64-pc-linux-gnu/4.6.3]
    arg [-L/usr/lib/gcc/x86_64-pc-linux-gnu/4.6.3/../../../../lib64] ==> dir [/usr/lib/gcc/x86_64-pc-linux-gnu/4.6.3/../../../../lib64]
    arg [-L/lib/../lib64] ==> dir [/lib/../lib64]
    arg [-L/usr/lib/../lib64] ==> dir [/usr/lib/../lib64]
    arg [-L/usr/lib/gcc/x86_64-pc-linux-gnu/4.6.3/../../../../x86_64-pc-linux-gnu/lib] ==> dir [/usr/lib/gcc/x86_64-pc-linux-gnu/4.6.3/../../../../x86_64-pc-linux-gnu/lib]
    arg [-L/usr/lib/gcc/x86_64-pc-linux-gnu/4.6.3/../../..] ==> dir [/usr/lib/gcc/x86_64-pc-linux-gnu/4.6.3/../../..]
    arg [CMakeFiles/cmTryCompileExec1960191399.dir/CMakeCCompilerABI.c.o] ==> ignore
    arg [-lgcc] ==> lib [gcc]
    arg [--as-needed] ==> ignore
    arg [-lgcc_s] ==> lib [gcc_s]
    arg [--no-as-needed] ==> ignore
    arg [-lc] ==> lib [c]
    arg [-lgcc] ==> lib [gcc]
    arg [--as-needed] ==> ignore
    arg [-lgcc_s] ==> lib [gcc_s]
    arg [--no-as-needed] ==> ignore
    arg [/usr/lib/gcc/x86_64-pc-linux-gnu/4.6.3/crtend.o] ==> ignore
    arg [/usr/lib/gcc/x86_64-pc-linux-gnu/4.6.3/../../../../lib64/crtn.o] ==> ignore
  remove lib [gcc]
  remove lib [gcc_s]
  remove lib [gcc]
  remove lib [gcc_s]
  collapse dir [/usr/lib/gcc/x86_64-pc-linux-gnu/4.6.3] ==> [/usr/lib/gcc/x86_64-pc-linux-gnu/4.6.3]
  collapse dir [/usr/lib/gcc/x86_64-pc-linux-gnu/4.6.3/../../../../lib64] ==> [/usr/lib64]
  collapse dir [/lib/../lib64] ==> [/lib64]
  collapse dir [/usr/lib/../lib64] ==> [/usr/lib64]
  collapse dir [/usr/lib/gcc/x86_64-pc-linux-gnu/4.6.3/../../../../x86_64-pc-linux-gnu/lib] ==> [/usr/x86_64-pc-linux-gnu/lib]
  collapse dir [/usr/lib/gcc/x86_64-pc-linux-gnu/4.6.3/../../..] ==> [/usr/lib]
  implicit libs: [c]
  implicit dirs: [/usr/lib/gcc/x86_64-pc-linux-gnu/4.6.3;/usr/lib64;/lib64;/usr/x86_64-pc-linux-gnu/lib;/usr/lib]


Determining if the CXX compiler works passed with the following output:
Change Dir: /home/phobos/doom3/neo/build/CMakeFiles/CMakeTmp

Run Build Command:/usr/bin/gmake "cmTryCompileExec460572014/fast"
/usr/bin/gmake -f CMakeFiles/cmTryCompileExec460572014.dir/build.make CMakeFiles/cmTryCompileExec460572014.dir/build
gmake[1]: Entering directory `/home/phobos/doom3/neo/build/CMakeFiles/CMakeTmp'
/usr/bin/cmake -E cmake_progress_report /home/phobos/doom3/neo/build/CMakeFiles/CMakeTmp/CMakeFiles 1
Building CXX object CMakeFiles/cmTryCompileExec460572014.dir/testCXXCompiler.cxx.o
/usr/bin/c++     -o CMakeFiles/cmTryCompileExec460572014.dir/testCXXCompiler.cxx.o -c /home/phobos/doom3/neo/build/CMakeFiles/CMakeTmp/testCXXCompiler.cxx
Linking CXX executable cmTryCompileExec460572014
/usr/bin/cmake -E cmake_link_script CMakeFiles/cmTryCompileExec460572014.dir/link.txt --verbose=1
/usr/bin/c++          CMakeFiles/cmTryCompileExec460572014.dir/testCXXCompiler.cxx.o  -o cmTryCompileExec460572014 -rdynamic 
gmake[1]: Leaving directory `/home/phobos/doom3/neo/build/CMakeFiles/CMakeTmp'


Detecting CXX compiler ABI info compiled with the following output:
Change Dir: /home/phobos/doom3/neo/build/CMakeFiles/CMakeTmp

Run Build Command:/usr/bin/gmake "cmTryCompileExec3170521609/fast"
/usr/bin/gmake -f CMakeFiles/cmTryCompileExec3170521609.dir/build.make CMakeFiles/cmTryCompileExec3170521609.dir/build
gmake[1]: Entering directory `/home/phobos/doom3/neo/build/CMakeFiles/CMakeTmp'
/usr/bin/cmake -E cmake_progress_report /home/phobos/doom3/neo/build/CMakeFiles/CMakeTmp/CMakeFiles 1
Building CXX object CMakeFiles/cmTryCompileExec3170521609.dir/CMakeCXXCompilerABI.cpp.o
/usr/bin/c++     -o CMakeFiles/cmTryCompileExec3170521609.dir/CMakeCXXCompilerABI.cpp.o -c /usr/share/cmake/Modules/CMakeCXXCompilerABI.cpp
Linking CXX executable cmTryCompileExec3170521609
/usr/bin/cmake -E cmake_link_script CMakeFiles/cmTryCompileExec3170521609.dir/link.txt --verbose=1
/usr/bin/c++        -v CMakeFiles/cmTryCompileExec3170521609.dir/CMakeCXXCompilerABI.cpp.o  -o cmTryCompileExec3170521609 -rdynamic  
Using built-in specs.
COLLECT_GCC=/usr/x86_64-pc-linux-gnu/gcc-bin/4.6.3/c++
COLLECT_LTO_WRAPPER=/usr/libexec/gcc/x86_64-pc-linux-gnu/4.6.3/lto-wrapper
Target: x86_64-pc-linux-gnu
Configured with: /var/tmp/portage/sys-devel/gcc-4.6.3/work/gcc-4.6.3/configure --prefix=/usr --bindir=/usr/x86_64-pc-linux-gnu/gcc-bin/4.6.3 --includedir=/usr/lib/gcc/x86_64-pc-linux-gnu/4.6.3/include --datadir=/usr/share/gcc-data/x86_64-pc-linux-gnu/4.6.3 --mandir=/usr/share/gcc-data/x86_64-pc-linux-gnu/4.6.3/man --infodir=/usr/share/gcc-data/x86_64-pc-linux-gnu/4.6.3/info --with-gxx-include-dir=/usr/lib/gcc/x86_64-pc-linux-gnu/4.6.3/include/g++-v4 --host=x86_64-pc-linux-gnu --build=x86_64-pc-linux-gnu --disable-altivec --disable-fixed-point --without-ppl --without-cloog --enable-lto --disable-nls --with-system-zlib --enable-obsolete --disable-werror --enable-secureplt --enable-multilib --enable-libmudflap --disable-libssp --enable-libgomp --with-python-dir=/share/gcc-data/x86_64-pc-linux-gnu/4.6.3/python --enable-checking=release --disable-libgcj --disable-libquadmath --enable-languages=c,c++ --enable-shared --enable-threads=posix --enable-__cxa_atexit --enable-clocale=gnu --enable-targets=all --with-bugurl=http://bugs.gentoo.org/ --with-pkgversion='Gentoo 4.6.3 p1.6, pie-0.5.2'
Thread model: posix
gcc version 4.6.3 (Gentoo 4.6.3 p1.6, pie-0.5.2) 
COMPILER_PATH=/usr/libexec/gcc/x86_64-pc-linux-gnu/4.6.3/:/usr/libexec/gcc/x86_64-pc-linux-gnu/4.6.3/:/usr/libexec/gcc/x86_64-pc-linux-gnu/:/usr/lib/gcc/x86_64-pc-linux-gnu/4.6.3/:/usr/lib/gcc/x86_64-pc-linux-gnu/:/usr/lib/gcc/x86_64-pc-linux-gnu/4.6.3/../../../../x86_64-pc-linux-gnu/bin/
LIBRARY_PATH=/usr/lib/gcc/x86_64-pc-linux-gnu/4.6.3/:/usr/lib/gcc/x86_64-pc-linux-gnu/4.6.3/../../../../lib64/:/lib/../lib64/:/usr/lib/../lib64/:/usr/lib/gcc/x86_64-pc-linux-gnu/4.6.3/../../../../x86_64-pc-linux-gnu/lib/:/usr/lib/gcc/x86_64-pc-linux-gnu/4.6.3/../../../:/lib/:/usr/lib/
COLLECT_GCC_OPTIONS='-v' '-o' 'cmTryCompileExec3170521609' '-rdynamic' '-shared-libgcc' '-mtune=generic' '-march=x86-64'
 /usr/libexec/gcc/x86_64-pc-linux-gnu/4.6.3/collect2 --eh-frame-hdr -m elf_x86_64 -export-dynamic -dynamic-linker /lib64/ld-linux-x86-64.so.2 -o cmTryCompileExec3170521609 /usr/lib/gcc/x86_64-pc-linux-gnu/4.6.3/../../../../lib64/crt1.o /usr/lib/gcc/x86_64-pc-linux-gnu/4.6.3/../../../../lib64/crti.o /usr/lib/gcc/x86_64-pc-linux-gnu/4.6.3/crtbegin.o -L/usr/lib/gcc/x86_64-pc-linux-gnu/4.6.3 -L/usr/lib/gcc/x86_64-pc-linux-gnu/4.6.3/../../../../lib64 -L/lib/../lib64 -L/usr/lib/../lib64 -L/usr/lib/gcc/x86_64-pc-linux-gnu/4.6.3/../../../../x86_64-pc-linux-gnu/lib -L/usr/lib/gcc/x86_64-pc-linux-gnu/4.6.3/../../.. CMakeFiles/cmTryCompileExec3170521609.dir/CMakeCXXCompilerABI.cpp.o -lstdc++ -lm -lgcc_s -lgcc -lc -lgcc_s -lgcc /usr/lib/gcc/x86_64-pc-linux-gnu/4.6.3/crtend.o /usr/lib/gcc/x86_64-pc-linux-gnu/4.6.3/../../../../lib64/crtn.o
gmake[1]: Leaving directory `/home/phobos/doom3/neo/build/CMakeFiles/CMakeTmp'


Parsed CXX implicit link information from above output:
  link line regex: [^( *|.*[/\])(ld|ld|collect2)[^/\]*( |$)]
  ignore line: [Change Dir: /home/phobos/doom3/neo/build/CMakeFiles/CMakeTmp]
  ignore line: []
  ignore line: [Run Build Command:/usr/bin/gmake "cmTryCompileExec3170521609/fast"]
  ignore line: [/usr/bin/gmake -f CMakeFiles/cmTryCompileExec3170521609.dir/build.make CMakeFiles/cmTryCompileExec3170521609.dir/build]
  ignore line: [gmake[1]: Entering directory `/home/phobos/doom3/neo/build/CMakeFiles/CMakeTmp']
  ignore line: [/usr/bin/cmake -E cmake_progress_report /home/phobos/doom3/neo/build/CMakeFiles/CMakeTmp/CMakeFiles 1]
  ignore line: [Building CXX object CMakeFiles/cmTryCompileExec3170521609.dir/CMakeCXXCompilerABI.cpp.o]
  ignore line: [/usr/bin/c++     -o CMakeFiles/cmTryCompileExec3170521609.dir/CMakeCXXCompilerABI.cpp.o -c /usr/share/cmake/Modules/CMakeCXXCompilerABI.cpp]
  ignore line: [Linking CXX executable cmTryCompileExec3170521609]
  ignore line: [/usr/bin/cmake -E cmake_link_script CMakeFiles/cmTryCompileExec3170521609.dir/link.txt --verbose=1]
  ignore line: [/usr/bin/c++        -v CMakeFiles/cmTryCompileExec3170521609.dir/CMakeCXXCompilerABI.cpp.o  -o cmTryCompileExec3170521609 -rdynamic  ]
  ignore line: [Using built-in specs.]
  ignore line: [COLLECT_GCC=/usr/x86_64-pc-linux-gnu/gcc-bin/4.6.3/c++]
  ignore line: [COLLECT_LTO_WRAPPER=/usr/libexec/gcc/x86_64-pc-linux-gnu/4.6.3/lto-wrapper]
  ignore line: [Target: x86_64-pc-linux-gnu]
  ignore line: [Configured with: /var/tmp/portage/sys-devel/gcc-4.6.3/work/gcc-4.6.3/configure --prefix=/usr --bindir=/usr/x86_64-pc-linux-gnu/gcc-bin/4.6.3 --includedir=/usr/lib/gcc/x86_64-pc-linux-gnu/4.6.3/include --datadir=/usr/share/gcc-data/x86_64-pc-linux-gnu/4.6.3 --mandir=/usr/share/gcc-data/x86_64-pc-linux-gnu/4.6.3/man --infodir=/usr/share/gcc-data/x86_64-pc-linux-gnu/4.6.3/info --with-gxx-include-dir=/usr/lib/gcc/x86_64-pc-linux-gnu/4.6.3/include/g++-v4 --host=x86_64-pc-linux-gnu --build=x86_64-pc-linux-gnu --disable-altivec --disable-fixed-point --without-ppl --without-cloog --enable-lto --disable-nls --with-system-zlib --enable-obsolete --disable-werror --enable-secureplt --enable-multilib --enable-libmudflap --disable-libssp --enable-libgomp --with-python-dir=/share/gcc-data/x86_64-pc-linux-gnu/4.6.3/python --enable-checking=release --disable-libgcj --disable-libquadmath --enable-languages=c,c++ --enable-shared --enable-threads=posix --enable-__cxa_atexit --enable-clocale=gnu --enable-targets=all --with-bugurl=http://bugs.gentoo.org/ --with-pkgversion='Gentoo 4.6.3 p1.6, pie-0.5.2']
  ignore line: [Thread model: posix]
  ignore line: [gcc version 4.6.3 (Gentoo 4.6.3 p1.6, pie-0.5.2) ]
  ignore line: [COMPILER_PATH=/usr/libexec/gcc/x86_64-pc-linux-gnu/4.6.3/:/usr/libexec/gcc/x86_64-pc-linux-gnu/4.6.3/:/usr/libexec/gcc/x86_64-pc-linux-gnu/:/usr/lib/gcc/x86_64-pc-linux-gnu/4.6.3/:/usr/lib/gcc/x86_64-pc-linux-gnu/:/usr/lib/gcc/x86_64-pc-linux-gnu/4.6.3/../../../../x86_64-pc-linux-gnu/bin/]
  ignore line: [LIBRARY_PATH=/usr/lib/gcc/x86_64-pc-linux-gnu/4.6.3/:/usr/lib/gcc/x86_64-pc-linux-gnu/4.6.3/../../../../lib64/:/lib/../lib64/:/usr/lib/../lib64/:/usr/lib/gcc/x86_64-pc-linux-gnu/4.6.3/../../../../x86_64-pc-linux-gnu/lib/:/usr/lib/gcc/x86_64-pc-linux-gnu/4.6.3/../../../:/lib/:/usr/lib/]
  ignore line: [COLLECT_GCC_OPTIONS='-v' '-o' 'cmTryCompileExec3170521609' '-rdynamic' '-shared-libgcc' '-mtune=generic' '-march=x86-64']
  link line: [ /usr/libexec/gcc/x86_64-pc-linux-gnu/4.6.3/collect2 --eh-frame-hdr -m elf_x86_64 -export-dynamic -dynamic-linker /lib64/ld-linux-x86-64.so.2 -o cmTryCompileExec3170521609 /usr/lib/gcc/x86_64-pc-linux-gnu/4.6.3/../../../../lib64/crt1.o /usr/lib/gcc/x86_64-pc-linux-gnu/4.6.3/../../../../lib64/crti.o /usr/lib/gcc/x86_64-pc-linux-gnu/4.6.3/crtbegin.o -L/usr/lib/gcc/x86_64-pc-linux-gnu/4.6.3 -L/usr/lib/gcc/x86_64-pc-linux-gnu/4.6.3/../../../../lib64 -L/lib/../lib64 -L/usr/lib/../lib64 -L/usr/lib/gcc/x86_64-pc-linux-gnu/4.6.3/../../../../x86_64-pc-linux-gnu/lib -L/usr/lib/gcc/x86_64-pc-linux-gnu/4.6.3/../../.. CMakeFiles/cmTryCompileExec3170521609.dir/CMakeCXXCompilerABI.cpp.o -lstdc++ -lm -lgcc_s -lgcc -lc -lgcc_s -lgcc /usr/lib/gcc/x86_64-pc-linux-gnu/4.6.3/crtend.o /usr/lib/gcc/x86_64-pc-linux-gnu/4.6.3/../../../../lib64/crtn.o]
    arg [/usr/libexec/gcc/x86_64-pc-linux-gnu/4.6.3/collect2] ==> ignore
    arg [--eh-frame-hdr] ==> ignore
    arg [-m] ==> ignore
    arg [elf_x86_64] ==> ignore
    arg [-export-dynamic] ==> ignore
    arg [-dynamic-linker] ==> ignore
    arg [/lib64/ld-linux-x86-64.so.2] ==> ignore
    arg [-o] ==> ignore
    arg [cmTryCompileExec3170521609] ==> ignore
    arg [/usr/lib/gcc/x86_64-pc-linux-gnu/4.6.3/../../../../lib64/crt1.o] ==> ignore
    arg [/usr/lib/gcc/x86_64-pc-linux-gnu/4.6.3/../../../../lib64/crti.o] ==> ignore
    arg [/usr/lib/gcc/x86_64-pc-linux-gnu/4.6.3/crtbegin.o] ==> ignore
    arg [-L/usr/lib/gcc/x86_64-pc-linux-gnu/4.6.3] ==> dir [/usr/lib/gcc/x86_64-pc-linux-gnu/4.6.3]
    arg [-L/usr/lib/gcc/x86_64-pc-linux-gnu/4.6.3/../../../../lib64] ==> dir [/usr/lib/gcc/x86_64-pc-linux-gnu/4.6.3/../../../../lib64]
    arg [-L/lib/../lib64] ==> dir [/lib/../lib64]
    arg [-L/usr/lib/../lib64] ==> dir [/usr/lib/../lib64]
    arg [-L/usr/lib/gcc/x86_64-pc-linux-gnu/4.6.3/../../../../x86_64-pc-linux-gnu/lib] ==> dir [/usr/lib/gcc/x86_64-pc-linux-gnu/4.6.3/../../../../x86_64-pc-linux-gnu/lib]
    arg [-L/usr/lib/gcc/x86_64-pc-linux-gnu/4.6.3/../../..] ==> dir [/usr/lib/gcc/x86_64-pc-linux-gnu/4.6.3/../../..]
    arg [CMakeFiles/cmTryCompileExec3170521609.dir/CMakeCXXCompilerABI.cpp.o] ==> ignore
    arg [-lstdc++] ==> lib [stdc++]
    arg [-lm] ==> lib [m]
    arg [-lgcc_s] ==> lib [gcc_s]
    arg [-lgcc] ==> lib [gcc]
    arg [-lc] ==> lib [c]
    arg [-lgcc_s] ==> lib [gcc_s]
    arg [-lgcc] ==> lib [gcc]
    arg [/usr/lib/gcc/x86_64-pc-linux-gnu/4.6.3/crtend.o] ==> ignore
    arg [/usr/lib/gcc/x86_64-pc-linux-gnu/4.6.3/../../../../lib64/crtn.o] ==> ignore
  remove lib [gcc_s]
  remove lib [gcc]
  remove lib [gcc_s]
  remove lib [gcc]
  collapse dir [/usr/lib/gcc/x86_64-pc-linux-gnu/4.6.3] ==> [/usr/lib/gcc/x86_64-pc-linux-gnu/4.6.3]
  collapse dir [/usr/lib/gcc/x86_64-pc-linux-gnu/4.6.3/../../../../lib64] ==> [/usr/lib64]
  collapse dir [/lib/../lib64] ==> [/lib64]
  collapse dir [/usr/lib/../lib64] ==> [/usr/lib64]
  collapse dir [/usr/lib/gcc/x86_64-pc-linux-gnu/4.6.3/../../../../x86_64-pc-linux-gnu/lib] ==> [/usr/x86_64-pc-linux-gnu/lib]
  collapse dir [/usr/lib/gcc/x86_64-pc-linux-gnu/4.6.3/../../..] ==> [/usr/lib]
  implicit libs: [stdc++;m;c]
  implicit dirs: [/usr/lib/gcc/x86_64-pc-linux-gnu/4.6.3;/usr/lib64;/lib64;/usr/x86_64-pc-linux-gnu/lib;/usr/lib]


Determining if the function jpeg_mem_src exists passed with the following output:
Change Dir: /home/phobos/doom3/neo/build/CMakeFiles/CMakeTmp

Run Build Command:/usr/bin/gmake "cmTryCompileExec4167042091/fast"
/usr/bin/gmake -f CMakeFiles/cmTryCompileExec4167042091.dir/build.make CMakeFiles/cmTryCompileExec4167042091.dir/build
gmake[1]: Entering directory `/home/phobos/doom3/neo/build/CMakeFiles/CMakeTmp'
/usr/bin/cmake -E cmake_progress_report /home/phobos/doom3/neo/build/CMakeFiles/CMakeTmp/CMakeFiles 1
Building C object CMakeFiles/cmTryCompileExec4167042091.dir/CheckFunctionExists.c.o
/usr/bin/gcc   -DCHECK_FUNCTION_EXISTS=jpeg_mem_src   -o CMakeFiles/cmTryCompileExec4167042091.dir/CheckFunctionExists.c.o   -c /usr/share/cmake/Modules/CheckFunctionExists.c
Linking C executable cmTryCompileExec4167042091
/usr/bin/cmake -E cmake_link_script CMakeFiles/cmTryCompileExec4167042091.dir/link.txt --verbose=1
/usr/bin/gcc     -DCHECK_FUNCTION_EXISTS=jpeg_mem_src    CMakeFiles/cmTryCompileExec4167042091.dir/CheckFunctionExists.c.o  -o cmTryCompileExec4167042091 -rdynamic -ljpeg 
gmake[1]: Leaving directory `/home/phobos/doom3/neo/build/CMakeFiles/CMakeTmp'


Determining if files pthread.h exist passed with the following output:
Change Dir: /home/phobos/doom3/neo/build/CMakeFiles/CMakeTmp

Run Build Command:/usr/bin/gmake "cmTryCompileExec1218662536/fast"
/usr/bin/gmake -f CMakeFiles/cmTryCompileExec1218662536.dir/build.make CMakeFiles/cmTryCompileExec1218662536.dir/build
gmake[1]: Entering directory `/home/phobos/doom3/neo/build/CMakeFiles/CMakeTmp'
/usr/bin/cmake -E cmake_progress_report /home/phobos/doom3/neo/build/CMakeFiles/CMakeTmp/CMakeFiles 1
Building C object CMakeFiles/cmTryCompileExec1218662536.dir/CheckIncludeFiles.c.o
/usr/bin/gcc    -o CMakeFiles/cmTryCompileExec1218662536.dir/CheckIncludeFiles.c.o   -c /home/phobos/doom3/neo/build/CMakeFiles/CMakeTmp/CheckIncludeFiles.c
Linking C executable cmTryCompileExec1218662536
/usr/bin/cmake -E cmake_link_script CMakeFiles/cmTryCompileExec1218662536.dir/link.txt --verbose=1
/usr/bin/gcc         CMakeFiles/cmTryCompileExec1218662536.dir/CheckIncludeFiles.c.o  -o cmTryCompileExec1218662536 -rdynamic 
gmake[1]: Leaving directory `/home/phobos/doom3/neo/build/CMakeFiles/CMakeTmp'


Determining if the function pthread_create exists in the pthread passed with the following output:
Change Dir: /home/phobos/doom3/neo/build/CMakeFiles/CMakeTmp

Run Build Command:/usr/bin/gmake "cmTryCompileExec4133803994/fast"
/usr/bin/gmake -f CMakeFiles/cmTryCompileExec4133803994.dir/build.make CMakeFiles/cmTryCompileExec4133803994.dir/build
gmake[1]: Entering directory `/home/phobos/doom3/neo/build/CMakeFiles/CMakeTmp'
/usr/bin/cmake -E cmake_progress_report /home/phobos/doom3/neo/build/CMakeFiles/CMakeTmp/CMakeFiles 1
Building C object CMakeFiles/cmTryCompileExec4133803994.dir/CheckFunctionExists.c.o
/usr/bin/gcc   -DCHECK_FUNCTION_EXISTS=pthread_create   -o CMakeFiles/cmTryCompileExec4133803994.dir/CheckFunctionExists.c.o   -c /usr/share/cmake/Modules/CheckFunctionExists.c
Linking C executable cmTryCompileExec4133803994
/usr/bin/cmake -E cmake_link_script CMakeFiles/cmTryCompileExec4133803994.dir/link.txt --verbose=1
/usr/bin/gcc     -DCHECK_FUNCTION_EXISTS=pthread_create    CMakeFiles/cmTryCompileExec4133803994.dir/CheckFunctionExists.c.o  -o cmTryCompileExec4133803994 -rdynamic -lpthread -ljpeg 
gmake[1]: Leaving directory `/home/phobos/doom3/neo/build/CMakeFiles/CMakeTmp'


Performing C++ SOURCE FILE Test cxx_has_fvisibility succeded with the following output:
Change Dir: /home/phobos/doom3/neo/build/CMakeFiles/CMakeTmp

Run Build Command:/usr/bin/gmake "cmTryCompileExec3905108745/fast"
/usr/bin/gmake -f CMakeFiles/cmTryCompileExec3905108745.dir/build.make CMakeFiles/cmTryCompileExec3905108745.dir/build
gmake[1]: Entering directory `/home/phobos/doom3/neo/build/CMakeFiles/CMakeTmp'
/usr/bin/cmake -E cmake_progress_report /home/phobos/doom3/neo/build/CMakeFiles/CMakeTmp/CMakeFiles 1
Building CXX object CMakeFiles/cmTryCompileExec3905108745.dir/src.cxx.o
/usr/bin/c++    -Dcxx_has_fvisibility   -fvisibility=hidden -o CMakeFiles/cmTryCompileExec3905108745.dir/src.cxx.o -c /home/phobos/doom3/neo/build/CMakeFiles/CMakeTmp/src.cxx
Linking CXX executable cmTryCompileExec3905108745
/usr/bin/cmake -E cmake_link_script CMakeFiles/cmTryCompileExec3905108745.dir/link.txt --verbose=1
/usr/bin/c++      -Dcxx_has_fvisibility    CMakeFiles/cmTryCompileExec3905108745.dir/src.cxx.o  -o cmTryCompileExec3905108745 -rdynamic -ljpeg 
gmake[1]: Leaving directory `/home/phobos/doom3/neo/build/CMakeFiles/CMakeTmp'

Source file was:
int main() { return 0;}
Performing C++ SOURCE FILE Test cxx_has_Woverload_virtual succeded with the following output:
Change Dir: /home/phobos/doom3/neo/build/CMakeFiles/CMakeTmp

Run Build Command:/usr/bin/gmake "cmTryCompileExec1746822243/fast"
/usr/bin/gmake -f CMakeFiles/cmTryCompileExec1746822243.dir/build.make CMakeFiles/cmTryCompileExec1746822243.dir/build
gmake[1]: Entering directory `/home/phobos/doom3/neo/build/CMakeFiles/CMakeTmp'
/usr/bin/cmake -E cmake_progress_report /home/phobos/doom3/neo/build/CMakeFiles/CMakeTmp/CMakeFiles 1
Building CXX object CMakeFiles/cmTryCompileExec1746822243.dir/src.cxx.o
/usr/bin/c++    -Dcxx_has_Woverload_virtual   -Woverloaded-virtual -o CMakeFiles/cmTryCompileExec1746822243.dir/src.cxx.o -c /home/phobos/doom3/neo/build/CMakeFiles/CMakeTmp/src.cxx
Linking CXX executable cmTryCompileExec1746822243
/usr/bin/cmake -E cmake_link_script CMakeFiles/cmTryCompileExec1746822243.dir/link.txt --verbose=1
/usr/bin/c++      -Dcxx_has_Woverload_virtual    CMakeFiles/cmTryCompileExec1746822243.dir/src.cxx.o  -o cmTryCompileExec1746822243 -rdynamic -ljpeg 
gmake[1]: Leaving directory `/home/phobos/doom3/neo/build/CMakeFiles/CMakeTmp'

Source file was:
int main() { return 0;}
