Determining if the pthread_create exist failed with the following output:
Change Dir: /home/phobos/doom3/neo/build/CMakeFiles/CMakeTmp

Run Build Command:/usr/bin/gmake "cmTryCompileExec2456154431/fast"
/usr/bin/gmake -f CMakeFiles/cmTryCompileExec2456154431.dir/build.make CMakeFiles/cmTryCompileExec2456154431.dir/build
gmake[1]: Entering directory `/home/phobos/doom3/neo/build/CMakeFiles/CMakeTmp'
/usr/bin/cmake -E cmake_progress_report /home/phobos/doom3/neo/build/CMakeFiles/CMakeTmp/CMakeFiles 1
Building C object CMakeFiles/cmTryCompileExec2456154431.dir/CheckSymbolExists.c.o
/usr/bin/gcc    -o CMakeFiles/cmTryCompileExec2456154431.dir/CheckSymbolExists.c.o   -c /home/phobos/doom3/neo/build/CMakeFiles/CMakeTmp/CheckSymbolExists.c
Linking C executable cmTryCompileExec2456154431
/usr/bin/cmake -E cmake_link_script CMakeFiles/cmTryCompileExec2456154431.dir/link.txt --verbose=1
/usr/bin/gcc         CMakeFiles/cmTryCompileExec2456154431.dir/CheckSymbolExists.c.o  -o cmTryCompileExec2456154431 -rdynamic -ljpeg 
CMakeFiles/cmTryCompileExec2456154431.dir/CheckSymbolExists.c.o: In function `main':
CheckSymbolExists.c:(.text+0x16): undefined reference to `pthread_create'
collect2: ld returned 1 exit status
gmake[1]: *** [cmTryCompileExec2456154431] Error 1
gmake[1]: Leaving directory `/home/phobos/doom3/neo/build/CMakeFiles/CMakeTmp'
gmake: *** [cmTryCompileExec2456154431/fast] Error 2

File /home/phobos/doom3/neo/build/CMakeFiles/CMakeTmp/CheckSymbolExists.c:
/* */
#include <pthread.h>

int main(int argc, char** argv)
{
  (void)argv;
#ifndef pthread_create
  return ((int*)(&pthread_create))[argc];
#else
  (void)argc;
  return 0;
#endif
}

Determining if the function pthread_create exists in the pthreads failed with the following output:
Change Dir: /home/phobos/doom3/neo/build/CMakeFiles/CMakeTmp

Run Build Command:/usr/bin/gmake "cmTryCompileExec3055211627/fast"
/usr/bin/gmake -f CMakeFiles/cmTryCompileExec3055211627.dir/build.make CMakeFiles/cmTryCompileExec3055211627.dir/build
gmake[1]: Entering directory `/home/phobos/doom3/neo/build/CMakeFiles/CMakeTmp'
/usr/bin/cmake -E cmake_progress_report /home/phobos/doom3/neo/build/CMakeFiles/CMakeTmp/CMakeFiles 1
Building C object CMakeFiles/cmTryCompileExec3055211627.dir/CheckFunctionExists.c.o
/usr/bin/gcc   -DCHECK_FUNCTION_EXISTS=pthread_create   -o CMakeFiles/cmTryCompileExec3055211627.dir/CheckFunctionExists.c.o   -c /usr/share/cmake/Modules/CheckFunctionExists.c
Linking C executable cmTryCompileExec3055211627
/usr/bin/cmake -E cmake_link_script CMakeFiles/cmTryCompileExec3055211627.dir/link.txt --verbose=1
/usr/bin/gcc     -DCHECK_FUNCTION_EXISTS=pthread_create    CMakeFiles/cmTryCompileExec3055211627.dir/CheckFunctionExists.c.o  -o cmTryCompileExec3055211627 -rdynamic -lpthreads -ljpeg 
/usr/lib/gcc/x86_64-pc-linux-gnu/4.6.3/../../../../x86_64-pc-linux-gnu/bin/ld: cannot find -lpthreads
collect2: ld returned 1 exit status
gmake[1]: *** [cmTryCompileExec3055211627] Error 1
gmake[1]: Leaving directory `/home/phobos/doom3/neo/build/CMakeFiles/CMakeTmp'
gmake: *** [cmTryCompileExec3055211627/fast] Error 2


